<?xml version="1.0" encoding="UTF-8"?>
<testsuite xmlns:xsi="http://www.w3.org/2001/XMLSchema-instance" xsi:noNamespaceSchemaLocation="https://maven.apache.org/surefire/maven-surefire-plugin/xsd/surefire-test-report.xsd" name="ExampleValidatePlaceTest" time="1.484" tests="5" errors="0" skipped="0" failures="0">
  <properties>
[...]
</properties>
  <testcase name="validateZipCode90210_And_PlaceNameExpectContainsBeverlyHills" classname="ExampleValidatePlaceTest" time="0.541"/>
  <testcase name="validateZipCode90210_And_PlaceNameBeverlyHills" classname="ExampleValidatePlaceTest" time="0.245"/>
  <testcase name="validateZipCode90210_And_PlaceNameNotExpectContainsBeverlyHills" classname="ExampleValidatePlaceTest" time="0.23"/>
  <testcase name="validateZipCode90210_And_StateCalifornia" classname="ExampleValidatePlaceTest" time="0.236"/>
  <testcase name="validateZipCode90210_And_PlaceNameHasSize" classname="ExampleValidatePlaceTest" time="0.23"/>
</testsuite>